2021-05-04 09:59:47,352 — INFO — Server started at  Listening port 8080
2021-05-04 10:01:35,268 — INFO — Reply response for 87017440257
2021-05-04 10:01:35,269 — INFO — 87017440257 kolesa links 
2021-05-04 10:01:36,170 — INFO — returned 0 links
2021-05-04 10:01:45,110 — INFO — Reply response for +77017440257
2021-05-04 10:01:45,110 — INFO — +77017440257 kolesa links 
2021-05-04 10:01:45,996 — INFO — returned 1 links
2021-05-04 10:15:38,960 — INFO — Server started at  Listening port 8080
2021-05-04 10:16:38,419 — INFO — Server started at  Listening port 8080
2021-05-04 10:17:23,043 — INFO — Server started at  Listening port 8080
2021-05-04 10:17:50,454 — INFO — Reply response for +77017440257
2021-05-04 10:17:50,454 — INFO — +77017440257 kolesa links 
2021-05-04 10:17:51,682 — INFO — returned 1 links
2021-05-04 10:17:57,568 — INFO — Reply response for +77017440257
2021-05-04 10:18:05,368 — INFO — +77017440257 kolesa links 
2021-05-04 10:19:43,983 — INFO — returned 1 links
2021-05-04 10:46:48,894 — INFO — Server started at  Listening port 8080
2021-05-04 10:54:57,536 — INFO — Server started at  Listening port 8080
2021-05-04 10:55:07,407 — INFO — Reply response for vk.com
2021-05-04 10:55:53,313 — INFO — Server started at  Listening port 8080
2021-05-04 10:56:24,692 — INFO — Reply response for vk.com
2021-05-04 10:57:03,492 — INFO — Reply response for vk.com
2021-05-04 10:57:54,264 — INFO — Server started at  Listening port 8080
2021-05-04 10:57:56,118 — INFO — Reply response for vk.com
2021-05-04 10:58:10,443 — INFO — Reply response for vk.com
2021-05-04 10:58:35,164 — INFO — Server started at  Listening port 8080
2021-05-04 10:58:37,744 — INFO — Reply response for vk.com
2021-05-04 10:59:53,533 — INFO — Server started at  Listening port 8080
2021-05-04 10:59:55,598 — INFO — Reply response for vk.com
2021-05-04 11:00:36,169 — INFO — Server started at  Listening port 8080
2021-05-04 11:00:43,909 — INFO — Reply response for vk.com
2021-05-04 11:01:41,836 — INFO — Server started at  Listening port 8080
2021-05-04 11:01:41,935 — INFO — Reply response for vk.com
2021-05-04 11:02:27,945 — INFO — Reply response for +77027640457
2021-05-04 11:02:27,945 — INFO — +77027640457 market links 
2021-05-04 11:02:29,187 — INFO — returned 0 links
2021-05-04 11:02:50,989 — INFO — Reply response for +77017440257
2021-05-04 11:02:55,763 — INFO — +77017440257 kolesa links 
2021-05-04 11:03:32,117 — INFO — Reply response for vk.com
2021-05-04 11:03:46,980 — INFO — Reply response for Hello
2021-05-04 11:03:46,981 — INFO — Hello market links 
2021-05-04 11:05:43,425 — INFO — Server started at  Listening port 8080
2021-05-04 11:05:56,942 — INFO — Reply response for vk.com
2021-05-04 11:06:08,551 — INFO — Reply response for +77017440257
2021-05-04 11:06:29,716 — INFO — Reply response for vk.com
2021-05-04 11:06:37,701 — INFO — Reply response for vk.com
2021-05-04 11:07:45,578 — INFO — Server started at  Listening port 8080
2021-05-04 11:07:47,534 — INFO — Reply response for vk.com
2021-05-04 11:08:11,732 — INFO — Reply response for vk.com
2021-05-04 11:08:31,731 — INFO — Server started at  Listening port 8080
2021-05-04 11:08:32,735 — INFO — Reply response for vk.com
2021-05-04 11:17:25,008 — INFO — Server started at  Listening port 8080
2021-05-04 11:17:26,626 — INFO — Reply response for vk.com
2021-05-04 11:19:34,584 — INFO — Server started at  Listening port 8080
2021-05-04 11:19:38,591 — INFO — Reply response for vk.com
2021-05-04 11:19:45,187 — INFO — Server started at  Listening port 8080
2021-05-04 11:19:45,518 — INFO — Reply response for vk.com
2021-05-04 11:22:47,424 — INFO — Server started at  Listening port 8080
2021-05-04 11:22:51,306 — INFO — Reply response for vk.com
2021-05-04 11:25:19,204 — INFO — Server started at  Listening port 8080
2021-05-04 11:25:31,745 — INFO — Reply response for vk.com
2021-05-04 11:26:01,028 — INFO — Server started at  Listening port 8080
2021-05-04 11:26:03,703 — INFO — Reply response for vk.com
2021-05-04 11:29:41,910 — INFO — Server started at  Listening port 8080
2021-05-04 11:29:43,669 — INFO — Reply response for vk.com
2021-05-04 11:31:31,261 — INFO — Server started at  Listening port 8080
2021-05-04 11:31:31,296 — INFO — Reply response for vk.com
2021-05-04 11:33:20,428 — INFO — Server started at  Listening port 8080
2021-05-04 11:33:22,440 — INFO — Reply response for vk.com
2021-05-04 11:35:24,350 — INFO — Server started at  Listening port 8080
2021-05-04 11:35:27,561 — INFO — Reply response for vk.com
2021-05-04 11:35:52,709 — INFO — Server started at  Listening port 8080
2021-05-04 11:36:01,707 — INFO — Server started at  Listening port 8080
2021-05-04 11:36:02,985 — INFO — Reply response for vk.com
2021-05-04 11:38:29,075 — INFO — Server started at  Listening port 8080
2021-05-04 11:38:31,313 — INFO — Reply response for vk.com
2021-05-04 11:39:26,722 — INFO — Server started at  Listening port 8080
2021-05-04 11:39:27,908 — INFO — Reply response for vk.com
2021-05-04 11:40:00,136 — INFO — Server started at  Listening port 8080
2021-05-04 11:40:06,322 — INFO — Server started at  Listening port 8080
2021-05-04 11:40:06,747 — INFO — Reply response for vk.com
2021-05-04 11:40:56,391 — INFO — Server started at  Listening port 8080
2021-05-04 11:40:57,465 — INFO — Reply response for vk.com
2021-05-04 11:41:14,375 — INFO — Server started at  Listening port 8080
2021-05-04 11:41:16,225 — INFO — Reply response for vk.com
2021-05-04 11:44:32,994 — INFO — Server started at  Listening port 8080
2021-05-04 11:44:33,452 — INFO — Reply response for vk.com
2021-05-04 11:45:20,500 — INFO — Server started at  Listening port 8080
2021-05-04 11:45:22,202 — INFO — Reply response for vk.com
2021-05-04 11:50:31,193 — INFO — Server started at  Listening port 8080
2021-05-04 11:50:33,667 — INFO — Reply response for vk.com
2021-05-04 11:51:37,649 — INFO — Server started at  Listening port 8080
2021-05-04 11:51:40,971 — INFO — Reply response for vk.com
2021-05-04 11:52:54,018 — INFO — Server started at  Listening port 8080
2021-05-04 11:52:56,116 — INFO — Reply response for vk.com
2021-05-04 11:55:20,660 — INFO — Server started at  Listening port 8080
2021-05-04 11:55:22,123 — INFO — Reply response for vk.com
2021-05-04 11:59:05,930 — INFO — Server started at  Listening port 8080
2021-05-04 11:59:17,962 — INFO — Reply response for vk.com
2021-05-04 14:37:45,409 — ERROR — Uncaught exception
Traceback (most recent call last):
  File "C:\Users\Zhasulan\PycharmProjects\FlaskApi\server.py", line 95, in <module>
    run_service()
  File "C:\Users\Zhasulan\PycharmProjects\FlaskApi\server.py", line 89, in run_service
    stub = kolesa_pb2_grpc.EchoStub(channel)
AttributeError: module 'kolesa_pb2_grpc' has no attribute 'EchoStub'
2021-05-04 14:40:03,328 — ERROR — Uncaught exception
Traceback (most recent call last):
  File "C:\Users\Zhasulan\PycharmProjects\FlaskApi\server.py", line 95, in <module>
    run_service()
  File "C:\Users\Zhasulan\PycharmProjects\FlaskApi\server.py", line 90, in run_service
    response = stub.Reply(kolesa_pb2.PhoneRequest())
AttributeError: 'KolesaScraperStub' object has no attribute 'Reply'
2021-05-04 14:40:39,487 — ERROR — Uncaught exception
Traceback (most recent call last):
  File "C:\Users\Zhasulan\PycharmProjects\FlaskApi\server.py", line 95, in <module>
    run_service()
  File "C:\Users\Zhasulan\PycharmProjects\FlaskApi\server.py", line 90, in run_service
    response = stub.LoadVirusLinks(kolesa_pb2.PhoneRequest())
  File "C:\Users\Zhasulan\AppData\Local\Programs\Python\Python39\lib\site-packages\grpc\_channel.py", line 923, in __call__
    return _end_unary_response_blocking(state, call, False, None)
  File "C:\Users\Zhasulan\AppData\Local\Programs\Python\Python39\lib\site-packages\grpc\_channel.py", line 826, in _end_unary_response_blocking
    raise _InactiveRpcError(state)
grpc._channel._InactiveRpcError: <_InactiveRpcError of RPC that terminated with:
	status = StatusCode.UNAVAILABLE
	details = "failed to connect to all addresses"
	debug_error_string = "{"created":"@1620117639.487000000","description":"Failed to pick subchannel","file":"src/core/ext/filters/client_channel/client_channel.cc","file_line":5397,"referenced_errors":[{"created":"@1620117639.487000000","description":"failed to connect to all addresses","file":"src/core/ext/filters/client_channel/lb_policy/pick_first/pick_first.cc","file_line":398,"grpc_status":14}]}"
>
2021-05-04 14:41:28,104 — ERROR — Uncaught exception
Traceback (most recent call last):
  File "C:\Users\Zhasulan\PycharmProjects\FlaskApi\server.py", line 95, in <module>
    run_service()
  File "C:\Users\Zhasulan\PycharmProjects\FlaskApi\server.py", line 91, in run_service
    print("Echo client received: " + response.message)
AttributeError: 'LinksReply' object has no attribute 'message'
2021-05-04 14:41:57,962 — ERROR — Uncaught exception
Traceback (most recent call last):
  File "C:\Users\Zhasulan\PycharmProjects\FlaskApi\server.py", line 95, in <module>
    run_service()
  File "C:\Users\Zhasulan\PycharmProjects\FlaskApi\server.py", line 90, in run_service
    response = stub.LoadVirusLinks(kolesa_pb2.PhoneRequest('vk.com'))
TypeError: init() takes 1 positional argument but 2 were given
2021-05-04 14:42:11,801 — ERROR — Uncaught exception
Traceback (most recent call last):
  File "C:\Users\Zhasulan\PycharmProjects\FlaskApi\server.py", line 95, in <module>
    run_service()
  File "C:\Users\Zhasulan\PycharmProjects\FlaskApi\server.py", line 91, in run_service
    print("Echo client received: " + response)
TypeError: can only concatenate str (not "LinksReply") to str
2021-05-04 15:17:43,060 — ERROR — Uncaught exception
Traceback (most recent call last):
  File "C:\Users\Zhasulan\PycharmProjects\FlaskApi\server.py", line 94, in <module>
    @app.route('/virus')
NameError: name 'app' is not defined
2021-05-04 15:18:07,154 — ERROR — Uncaught exception
Traceback (most recent call last):
  File "C:\Users\Zhasulan\PycharmProjects\FlaskApi\server.py", line 97, in <module>
    @app.route('/virus')
AttributeError: module 'app' has no attribute 'route'
2021-05-04 15:18:18,138 — ERROR — Uncaught exception
Traceback (most recent call last):
  File "C:\Users\Zhasulan\PycharmProjects\FlaskApi\server.py", line 104, in <module>
    @app.route('/virus')
AttributeError: module 'app' has no attribute 'route'
2021-05-04 15:48:29,362 — ERROR — Uncaught exception
Traceback (most recent call last):
  File "C:\Users\Zhasulan\PycharmProjects\FlaskApi\server.py", line 113, in <module>
    hello_world()
  File "C:\Users\Zhasulan\PycharmProjects\FlaskApi\server.py", line 109, in hello_world
    return run_service(requests.request("phone"))
TypeError: request() missing 1 required positional argument: 'url'
2021-05-04 15:48:55,298 — ERROR — Uncaught exception
Traceback (most recent call last):
  File "C:\Users\Zhasulan\PycharmProjects\FlaskApi\server.py", line 113, in <module>
    hello_world()
  File "C:\Users\Zhasulan\PycharmProjects\FlaskApi\server.py", line 109, in hello_world
    return run_service(requests.request(["phone"]))
TypeError: request() missing 1 required positional argument: 'url'
2021-05-04 15:51:52,801 — ERROR — Uncaught exception
Traceback (most recent call last):
  File "C:\Users\Zhasulan\PycharmProjects\FlaskApi\server.py", line 116, in <module>
    hello()
  File "C:\Users\Zhasulan\PycharmProjects\FlaskApi\server.py", line 109, in hello
    if request.method == "POST":
  File "C:\Users\Zhasulan\PycharmProjects\kolesaservices\venv\lib\site-packages\werkzeug\local.py", line 347, in __getattr__
    return getattr(self._get_current_object(), name)
  File "C:\Users\Zhasulan\PycharmProjects\kolesaservices\venv\lib\site-packages\werkzeug\local.py", line 306, in _get_current_object
    return self.__local()
  File "C:\Users\Zhasulan\PycharmProjects\kolesaservices\venv\lib\site-packages\flask\globals.py", line 38, in _lookup_req_object
    raise RuntimeError(_request_ctx_err_msg)
RuntimeError: Working outside of request context.

This typically means that you attempted to use functionality that needed
an active HTTP request.  Consult the documentation on testing for
information about how to avoid this problem.
2021-05-04 15:53:09,726 — ERROR — Uncaught exception
Traceback (most recent call last):
  File "C:\Users\Zhasulan\PycharmProjects\FlaskApi\server.py", line 116, in <module>
    hello()
  File "C:\Users\Zhasulan\PycharmProjects\FlaskApi\server.py", line 110, in hello
    if request.method == "POST":
  File "C:\Users\Zhasulan\PycharmProjects\kolesaservices\venv\lib\site-packages\werkzeug\local.py", line 347, in __getattr__
    return getattr(self._get_current_object(), name)
  File "C:\Users\Zhasulan\PycharmProjects\kolesaservices\venv\lib\site-packages\werkzeug\local.py", line 306, in _get_current_object
    return self.__local()
  File "C:\Users\Zhasulan\PycharmProjects\kolesaservices\venv\lib\site-packages\flask\globals.py", line 38, in _lookup_req_object
    raise RuntimeError(_request_ctx_err_msg)
RuntimeError: Working outside of request context.

This typically means that you attempted to use functionality that needed
an active HTTP request.  Consult the documentation on testing for
information about how to avoid this problem.
2021-05-04 16:07:12,334 — ERROR — Uncaught exception
Traceback (most recent call last):
  File "C:\Users\Zhasulan\PycharmProjects\FlaskApi\server.py", line 109, in <module>
    run_service()
TypeError: run_service() missing 1 required positional argument: 'phone'
2021-05-04 16:07:27,863 — ERROR — Uncaught exception
Traceback (most recent call last):
  File "C:\Users\Zhasulan\PycharmProjects\FlaskApi\server.py", line 109, in <module>
    run_service()
TypeError: run_service() missing 1 required positional argument: 'phone'
